C:\Program Files (x86)\Microsoft Visual Studio\2019\Community\MSBuild\Microsoft\VC\v160\Microsoft.CppBuild.targets(1091,5): warning MSB8027: Two or more files with the name of main.cpp will produce outputs to the same location. This can lead to an incorrect build result.  The files involved are main.cpp, Qt\main.cpp.
  automate.cpp
E:\Poly\Log2810\TP\LOG2810TP\automate.cpp(66,2): error C2146: syntax error: missing ';' before identifier 'currState_'
E:\Poly\Log2810\TP\LOG2810TP\automate.cpp(71,63): error C2039: 'getTransitions': is not a member of 'std::shared_ptr<Etat>'
E:\Poly\Log2810\TP\LOG2810TP\Etat.h(19): message : see declaration of 'std::shared_ptr<Etat>'
  carte.cpp
  Etat.cpp
E:\Poly\Log2810\TP\LOG2810TP\Etat.cpp(23,53): error C2664: 'std::_Tree_iterator<std::_Tree_val<std::_Tree_simple_types<std::pair<const char,std::shared_ptr<Etat>>>>> std::_Tree<std::_Tmap_traits<_Kty,_Ty,_Pr,_Alloc,false>>::insert(std::_Tree_const_iterator<std::_Tree_val<std::_Tree_simple_types<std::pair<const char,std::shared_ptr<Etat>>>>>,std::pair<const char,std::shared_ptr<Etat>> &&)': cannot convert argument 1 from 'char' to 'std::_Tree_const_iterator<std::_Tree_val<std::_Tree_simple_types<std::pair<const char,std::shared_ptr<Etat>>>>>'
          with
          [
              _Kty=char,
              _Ty=std::shared_ptr<Etat>,
              _Pr=std::less<char>,
              _Alloc=std::allocator<std::pair<const char,std::shared_ptr<Etat>>>
          ]
E:\Poly\Log2810\TP\LOG2810TP\Etat.cpp(23,53): message : No constructor could take the source type, or constructor overload resolution was ambiguous
C:\Program Files (x86)\Microsoft Visual Studio\2019\Community\VC\Tools\MSVC\14.29.30037\include\xtree(1264,14): message : see declaration of 'std::_Tree<std::_Tmap_traits<_Kty,_Ty,_Pr,_Alloc,false>>::insert'
          with
          [
              _Kty=char,
              _Ty=std::shared_ptr<Etat>,
              _Pr=std::less<char>,
              _Alloc=std::allocator<std::pair<const char,std::shared_ptr<Etat>>>
          ]
E:\Poly\Log2810\TP\LOG2810TP\Etat.cpp(33,53): error C2664: 'std::_Tree_iterator<std::_Tree_val<std::_Tree_simple_types<std::pair<const char,std::shared_ptr<Etat>>>>> std::_Tree<std::_Tmap_traits<_Kty,_Ty,_Pr,_Alloc,false>>::insert(std::_Tree_const_iterator<std::_Tree_val<std::_Tree_simple_types<std::pair<const char,std::shared_ptr<Etat>>>>>,std::pair<const char,std::shared_ptr<Etat>> &&)': cannot convert argument 1 from 'char' to 'std::_Tree_const_iterator<std::_Tree_val<std::_Tree_simple_types<std::pair<const char,std::shared_ptr<Etat>>>>>'
          with
          [
              _Kty=char,
              _Ty=std::shared_ptr<Etat>,
              _Pr=std::less<char>,
              _Alloc=std::allocator<std::pair<const char,std::shared_ptr<Etat>>>
          ]
E:\Poly\Log2810\TP\LOG2810TP\Etat.cpp(33,53): message : No constructor could take the source type, or constructor overload resolution was ambiguous
C:\Program Files (x86)\Microsoft Visual Studio\2019\Community\VC\Tools\MSVC\14.29.30037\include\xtree(1264,14): message : see declaration of 'std::_Tree<std::_Tmap_traits<_Kty,_Ty,_Pr,_Alloc,false>>::insert'
          with
          [
              _Kty=char,
              _Ty=std::shared_ptr<Etat>,
              _Pr=std::less<char>,
              _Alloc=std::allocator<std::pair<const char,std::shared_ptr<Etat>>>
          ]
E:\Poly\Log2810\TP\LOG2810TP\Etat.cpp(41,43): error C2664: 'std::_Tree_iterator<std::_Tree_val<std::_Tree_simple_types<std::pair<const char,std::shared_ptr<Etat>>>>> std::_Tree<std::_Tmap_traits<_Kty,_Ty,_Pr,_Alloc,false>>::insert(std::_Tree_const_iterator<std::_Tree_val<std::_Tree_simple_types<std::pair<const char,std::shared_ptr<Etat>>>>>,std::pair<const char,std::shared_ptr<Etat>> &&)': cannot convert argument 1 from 'char' to 'std::_Tree_const_iterator<std::_Tree_val<std::_Tree_simple_types<std::pair<const char,std::shared_ptr<Etat>>>>>'
          with
          [
              _Kty=char,
              _Ty=std::shared_ptr<Etat>,
              _Pr=std::less<char>,
              _Alloc=std::allocator<std::pair<const char,std::shared_ptr<Etat>>>
          ]
E:\Poly\Log2810\TP\LOG2810TP\Etat.cpp(41,43): message : No constructor could take the source type, or constructor overload resolution was ambiguous
C:\Program Files (x86)\Microsoft Visual Studio\2019\Community\VC\Tools\MSVC\14.29.30037\include\xtree(1264,14): message : see declaration of 'std::_Tree<std::_Tmap_traits<_Kty,_Ty,_Pr,_Alloc,false>>::insert'
          with
          [
              _Kty=char,
              _Ty=std::shared_ptr<Etat>,
              _Pr=std::less<char>,
              _Alloc=std::allocator<std::pair<const char,std::shared_ptr<Etat>>>
          ]
  explorationDuMonde.cpp
  jeuInstructif.cpp
  main.cpp
  main.cpp
E:\Poly\Log2810\TP\LOG2810TP\Qt\mainwindow.h(4,10): fatal error C1083: Cannot open include file: 'QMainWindow': No such file or directory
  mainwindow.cpp
E:\Poly\Log2810\TP\LOG2810TP\Qt\mainwindow.h(4,10): fatal error C1083: Cannot open include file: 'QMainWindow': No such file or directory
  sommet.cpp
E:\Poly\Log2810\TP\LOG2810TP\sommet.cpp(82,27): warning C4267: 'return': conversion from 'size_t' to 'int', possible loss of data
  test.cpp
  Generating Code...
